   [1;36mhab-studio: [1;37mCreating Studio at /hab/studios/root--Time--habitat (default)[0m
   [1;36mhab-studio: [1;37mImporting shashank0004 secret origin key[0m
[1;33m» Importing origin key from standard input[0m
[1;34m★ Imported secret origin key shashank0004-20170926094259.[0m
   [1;36mhab-studio: [1;37mRunning 'hab start results/shashank0004-time-tracker-0.1.37-20170928052141-x86_64-linux.hart' in Studio at /hab/studios/root--Time--habitat (default)[0m
[1;31m∵ Missing[0m package for core/hab-sup/0.33.2
[1;33m» Installing core/hab-sup/0.33.2[0m
[1;32m☛ Verifying[0m core/hab-sup/0.33.2/20170925051111
[1;32m☛ Verifying[0m core/busybox-static/1.24.2/20170513215502
[1;32m→ Using[0m core/bzip2/1.0.6/20170513212938
[1;32m→ Using[0m core/cacerts/2017.01.18/20170513215104
[1;32m→ Using[0m core/gcc-libs/5.2.0/20170513212920
[1;32m→ Using[0m core/glibc/2.22/20170513201042
[1;32m☛ Verifying[0m core/libarchive/3.2.0/20170514021649
[1;32m☛ Verifying[0m core/libsodium/1.0.13/20170905223149
[1;32m→ Using[0m core/linux-headers/4.3/20170513200956
[1;32m→ Using[0m core/openssl/1.0.2j/20170513215106
[1;32m→ Using[0m core/xz/5.2.2/20170513214327
[1;32m☛ Verifying[0m core/zeromq/4.1.4/20170907221723
[1;32m↓ Downloading[0m core-20170318210306 public origin key
[1;32m☑ Cached[0m core-20170318210306 public origin key
[1;32m→ Using[0m core/zlib/1.2.8/20170513201911
[1;32m✓ Installed[0m core/busybox-static/1.24.2/20170513215502
[1;32m✓ Installed[0m core/libarchive/3.2.0/20170514021649
[1;32m✓ Installed[0m core/libsodium/1.0.13/20170905223149
[1;32m✓ Installed[0m core/zeromq/4.1.4/20170907221723
[1;32m✓ Installed[0m core/hab-sup/0.33.2/20170925051111
[1;34m★ Install of core/hab-sup/0.33.2/20170925051111 complete with 5 new packages installed.[0m
[1;31m∵ Missing[0m package for core/hab-launcher
[1;33m» Installing core/hab-launcher[0m
[1;32m☛ Verifying[0m core/hab-launcher/5187/20170926171711
[1;32m→ Using[0m core/bzip2/1.0.6/20170513212938
[1;32m→ Using[0m core/cacerts/2017.01.18/20170513215104
[1;32m→ Using[0m core/gcc-libs/5.2.0/20170513212920
[1;32m→ Using[0m core/glibc/2.22/20170513201042
[1;32m☛ Verifying[0m core/libarchive/3.2.0/20170926165607
[1;32m→ Using[0m core/libsodium/1.0.13/20170905223149
[1;32m→ Using[0m core/linux-headers/4.3/20170513200956
[1;32m☛ Verifying[0m core/openssl/1.0.2j/20170926165227
[1;32m→ Using[0m core/xz/5.2.2/20170513214327
[1;32m→ Using[0m core/zlib/1.2.8/20170513201911
[1;32m✓ Installed[0m core/libarchive/3.2.0/20170926165607
[1;32m✓ Installed[0m core/openssl/1.0.2j/20170926165227
[1;32m✓ Installed[0m core/hab-launcher/5187/20170926171711
[1;34m★ Install of core/hab-launcher/5187/20170926171711 complete with 3 new packages installed.[0m
[36mhab-sup[0m([1;37mCS[0m): Installing local artifact [1;33mresults/shashank0004-time-tracker-0.1.37-20170928052141-x86_64-linux.hart[0m
[1;32m→ Using[0m shashank0004/time-tracker/0.1.37/20170928052141
[1;34m★ Install of shashank0004/time-tracker/0.1.37/20170928052141 complete with 0 new packages installed.[0m
[36mhab-sup[0m([1;37mMR[0m): Supervisor Member-ID 61c5564684dc4ca0b6d91c9b7123e5d0
[36mhab-sup[0m([1;37mMR[0m): Starting shashank0004/time-tracker/0.1.37/20170928052141
[36mhab-sup[0m([1;37mMR[0m): Starting gossip-listener on 0.0.0.0:9638
[36mhab-sup[0m([1;37mER[0m)[[4;37msrc/error.rs:419:8[0m]: [1;31mButterfly error: Cannot bind to port: Error { repr: Os { code: 98, message: "Address already in use" } }[0m
kill: can't kill pid 21029: No such process
